2022-04-17 22:06:03.737239 -- start update
<start updating researcher files>
-- start updating researcher info
-- end updating researcher info
-- start updating researcher tag map
-- end updating researcher tag map
-- start updating researcher div map
-- start updating researcher div map
-- start updating tag div map
-- start updating tag div map
<end updating researcher files>
---- contains 139 duplicated grants
<start updating tenders files>
<end updating tenders files>
2022-04-17 22:06:27.991460 -- done update
2022-04-17 23:06:28.061224 -- start update
<start updating researcher files>
-- start updating researcher info
-- end updating researcher info
-- start updating researcher tag map
-- end updating researcher tag map
-- start updating researcher div map
-- start updating researcher div map
-- start updating tag div map
-- start updating tag div map
<end updating researcher files>
---- contains 139 duplicated grants
<start updating tenders files>
<end updating tenders files>
2022-04-17 23:06:51.840846 -- done update
2022-04-18 00:06:28.062384 -- start update
<start updating researcher files>
-- start updating researcher info
-- end updating researcher info
-- start updating researcher tag map
-- end updating researcher tag map
-- start updating researcher div map
-- start updating researcher div map
-- start updating tag div map
-- start updating tag div map
<end updating researcher files>
---- contains 139 duplicated grants
<start updating tenders files>
<end updating tenders files>
2022-04-18 00:06:52.336760 -- done update
2022-04-18 01:06:28.062331 -- start update
<start updating researcher files>
-- start updating researcher info
-- end updating researcher info
-- start updating researcher tag map
-- end updating researcher tag map
-- start updating researcher div map
-- start updating researcher div map
-- start updating tag div map
-- start updating tag div map
<end updating researcher files>
---- contains 139 duplicated grants
<start updating tenders files>
<end updating tenders files>
2022-04-18 01:06:51.046553 -- done update
2022-04-18 02:06:28.062297 -- start update
<start updating researcher files>
-- start updating researcher info
-- end updating researcher info
-- start updating researcher tag map
-- end updating researcher tag map
-- start updating researcher div map
-- start updating researcher div map
-- start updating tag div map
-- start updating tag div map
<end updating researcher files>
---- contains 139 duplicated grants
<start updating tenders files>
<end updating tenders files>
2022-04-18 02:06:51.321334 -- done update
2022-04-18 03:06:28.062231 -- start update
<start updating researcher files>
-- start updating researcher info
-- end updating researcher info
-- start updating researcher tag map
-- end updating researcher tag map
-- start updating researcher div map
-- start updating researcher div map
-- start updating tag div map
-- start updating tag div map
<end updating researcher files>
---- contains 139 duplicated grants
<start updating tenders files>
<end updating tenders files>
2022-04-18 03:06:50.793219 -- done update
2022-04-18 04:06:28.062214 -- start update
<start updating researcher files>
-- start updating researcher info
-- end updating researcher info
-- start updating researcher tag map
-- end updating researcher tag map
-- start updating researcher div map
-- start updating researcher div map
-- start updating tag div map
-- start updating tag div map
<end updating researcher files>
---- contains 139 duplicated grants
<start updating tenders files>
<end updating tenders files>
2022-04-18 04:06:52.374791 -- done update
2022-04-18 05:06:28.062247 -- start update
<start updating researcher files>
-- start updating researcher info
-- end updating researcher info
-- start updating researcher tag map
-- end updating researcher tag map
-- start updating researcher div map
-- start updating researcher div map
-- start updating tag div map
-- start updating tag div map
<end updating researcher files>
---- contains 139 duplicated grants
<start updating tenders files>
<end updating tenders files>
2022-04-18 05:06:52.011185 -- done update
2022-04-18 06:06:28.062317 -- start update
<start updating researcher files>
-- start updating researcher info
-- end updating researcher info
-- start updating researcher tag map
-- end updating researcher tag map
-- start updating researcher div map
-- start updating researcher div map
-- start updating tag div map
-- start updating tag div map
<end updating researcher files>
---- contains 139 duplicated grants
<start updating tenders files>
<end updating tenders files>
2022-04-18 06:06:50.925379 -- done update
2022-04-18 07:06:28.079819 -- start update
<start updating researcher files>
-- start updating researcher info
-- end updating researcher info
-- start updating researcher tag map
-- end updating researcher tag map
-- start updating researcher div map
-- start updating researcher div map
-- start updating tag div map
-- start updating tag div map
<end updating researcher files>
---- contains 139 duplicated grants
<start updating tenders files>
<end updating tenders files>
2022-04-18 07:06:52.013865 -- done update
2022-04-18 08:06:28.062203 -- start update
<start updating researcher files>
-- start updating researcher info
-- end updating researcher info
-- start updating researcher tag map
-- end updating researcher tag map
-- start updating researcher div map
-- start updating researcher div map
-- start updating tag div map
-- start updating tag div map
<end updating researcher files>
---- contains 139 duplicated grants
<start updating tenders files>
<end updating tenders files>
2022-04-18 08:06:51.023062 -- done update
2022-04-18 09:06:28.062202 -- start update
<start updating researcher files>
-- start updating researcher info
-- end updating researcher info
-- start updating researcher tag map
-- end updating researcher tag map
-- start updating researcher div map
-- start updating researcher div map
-- start updating tag div map
-- start updating tag div map
<end updating researcher files>
---- contains 139 duplicated grants
<start updating tenders files>
<end updating tenders files>
2022-04-18 09:06:51.570661 -- done update
2022-04-18 10:06:28.061408 -- start update
<start updating researcher files>
-- start updating researcher info
-- end updating researcher info
-- start updating researcher tag map
-- end updating researcher tag map
-- start updating researcher div map
-- start updating researcher div map
-- start updating tag div map
-- start updating tag div map
<end updating researcher files>
---- contains 139 duplicated grants
<start updating tenders files>
<end updating tenders files>
2022-04-18 10:06:50.661436 -- done update
2022-04-18 11:06:28.061432 -- start update
<start updating researcher files>
-- start updating researcher info
-- end updating researcher info
-- start updating researcher tag map
-- end updating researcher tag map
-- start updating researcher div map
-- start updating researcher div map
-- start updating tag div map
-- start updating tag div map
<end updating researcher files>
---- contains 139 duplicated grants
<start updating tenders files>
<end updating tenders files>
2022-04-18 11:06:52.183163 -- done update
2022-04-18 12:06:28.061421 -- start update
<start updating researcher files>
-- start updating researcher info
-- end updating researcher info
-- start updating researcher tag map
-- end updating researcher tag map
-- start updating researcher div map
-- start updating researcher div map
-- start updating tag div map
-- start updating tag div map
<end updating researcher files>
---- contains 139 duplicated grants
<start updating tenders files>
<end updating tenders files>
2022-04-18 12:06:52.106274 -- done update
2022-04-18 13:06:28.061426 -- start update
<start updating researcher files>
-- start updating researcher info
-- end updating researcher info
-- start updating researcher tag map
-- end updating researcher tag map
-- start updating researcher div map
-- start updating researcher div map
-- start updating tag div map
-- start updating tag div map
<end updating researcher files>
---- contains 139 duplicated grants
<start updating tenders files>
<end updating tenders files>
2022-04-18 13:06:50.947533 -- done update
2022-04-18 14:06:28.061411 -- start update
<start updating researcher files>
-- start updating researcher info
-- end updating researcher info
-- start updating researcher tag map
-- end updating researcher tag map
-- start updating researcher div map
-- start updating researcher div map
-- start updating tag div map
-- start updating tag div map
<end updating researcher files>
---- contains 139 duplicated grants
<start updating tenders files>
<end updating tenders files>
2022-04-18 14:06:52.092254 -- done update
2022-04-18 15:06:28.061410 -- start update
<start updating researcher files>
-- start updating researcher info
-- end updating researcher info
-- start updating researcher tag map
-- end updating researcher tag map
-- start updating researcher div map
-- start updating researcher div map
-- start updating tag div map
-- start updating tag div map
<end updating researcher files>
---- contains 139 duplicated grants
<start updating tenders files>
<end updating tenders files>
2022-04-18 15:06:52.025907 -- done update
2022-04-18 16:06:28.061413 -- start update
<start updating researcher files>
-- start updating researcher info
-- end updating researcher info
-- start updating researcher tag map
-- end updating researcher tag map
-- start updating researcher div map
-- start updating researcher div map
-- start updating tag div map
-- start updating tag div map
<end updating researcher files>
---- contains 139 duplicated grants
<start updating tenders files>
<end updating tenders files>
2022-04-18 16:06:52.128459 -- done update
2022-04-18 17:06:28.061443 -- start update
<start updating researcher files>
-- start updating researcher info
-- end updating researcher info
-- start updating researcher tag map
-- end updating researcher tag map
-- start updating researcher div map
-- start updating researcher div map
-- start updating tag div map
-- start updating tag div map
<end updating researcher files>
---- contains 139 duplicated grants
<start updating tenders files>
<end updating tenders files>
2022-04-18 17:06:51.904594 -- done update
2022-04-18 18:06:28.061443 -- start update
<start updating researcher files>
-- start updating researcher info
-- end updating researcher info
-- start updating researcher tag map
-- end updating researcher tag map
-- start updating researcher div map
-- start updating researcher div map
-- start updating tag div map
-- start updating tag div map
<end updating researcher files>
---- contains 139 duplicated grants
<start updating tenders files>
<end updating tenders files>
2022-04-18 18:06:52.081359 -- done update
2022-04-18 19:06:28.061406 -- start update
<start updating researcher files>
-- start updating researcher info
-- end updating researcher info
-- start updating researcher tag map
-- end updating researcher tag map
-- start updating researcher div map
-- start updating researcher div map
-- start updating tag div map
-- start updating tag div map
<end updating researcher files>
---- contains 139 duplicated grants
<start updating tenders files>
<end updating tenders files>
2022-04-18 19:06:50.974464 -- done update
2022-04-18 20:06:28.061422 -- start update
<start updating researcher files>
-- start updating researcher info
-- end updating researcher info
-- start updating researcher tag map
-- end updating researcher tag map
-- start updating researcher div map
-- start updating researcher div map
-- start updating tag div map
-- start updating tag div map
<end updating researcher files>
---- contains 139 duplicated grants
<start updating tenders files>
<end updating tenders files>
2022-04-18 20:06:51.124593 -- done update
2022-04-18 21:06:28.061425 -- start update
<start updating researcher files>
-- start updating researcher info
-- end updating researcher info
-- start updating researcher tag map
-- end updating researcher tag map
-- start updating researcher div map
-- start updating researcher div map
-- start updating tag div map
-- start updating tag div map
<end updating researcher files>
---- contains 139 duplicated grants
<start updating tenders files>
<end updating tenders files>
2022-04-18 21:06:51.347183 -- done update
2022-04-18 22:06:28.061451 -- start update
<start updating researcher files>
-- start updating researcher info
-- end updating researcher info
-- start updating researcher tag map
-- end updating researcher tag map
-- start updating researcher div map
-- start updating researcher div map
-- start updating tag div map
-- start updating tag div map
<end updating researcher files>
---- contains 139 duplicated grants
<start updating tenders files>
<end updating tenders files>
2022-04-18 22:06:51.851300 -- done update
2022-04-18 23:06:28.061424 -- start update
<start updating researcher files>
-- start updating researcher info
-- end updating researcher info
-- start updating researcher tag map
-- end updating researcher tag map
-- start updating researcher div map
-- start updating researcher div map
-- start updating tag div map
-- start updating tag div map
<end updating researcher files>
---- contains 139 duplicated grants
<start updating tenders files>
<end updating tenders files>
2022-04-18 23:06:51.882916 -- done update
2022-04-19 00:06:28.061429 -- start update
<start updating researcher files>
-- start updating researcher info
-- end updating researcher info
-- start updating researcher tag map
-- end updating researcher tag map
-- start updating researcher div map
-- start updating researcher div map
-- start updating tag div map
-- start updating tag div map
<end updating researcher files>
---- contains 139 duplicated grants
<start updating tenders files>
<end updating tenders files>
2022-04-19 00:06:50.953893 -- done update
2022-04-19 01:06:28.061408 -- start update
<start updating researcher files>
-- start updating researcher info
-- end updating researcher info
-- start updating researcher tag map
-- end updating researcher tag map
-- start updating researcher div map
-- start updating researcher div map
-- start updating tag div map
-- start updating tag div map
<end updating researcher files>
---- contains 138 duplicated grants
<start updating tenders files>
<end updating tenders files>
2022-04-19 01:06:51.206102 -- done update
2022-04-19 02:06:28.061425 -- start update
<start updating researcher files>
-- start updating researcher info
-- end updating researcher info
-- start updating researcher tag map
-- end updating researcher tag map
-- start updating researcher div map
-- start updating researcher div map
-- start updating tag div map
-- start updating tag div map
<end updating researcher files>
---- contains 138 duplicated grants
<start updating tenders files>
<end updating tenders files>
2022-04-19 02:06:51.226535 -- done update
2022-04-19 03:06:28.061598 -- start update
<start updating researcher files>
-- start updating researcher info
-- end updating researcher info
-- start updating researcher tag map
-- end updating researcher tag map
-- start updating researcher div map
-- start updating researcher div map
-- start updating tag div map
-- start updating tag div map
<end updating researcher files>
---- contains 138 duplicated grants
<start updating tenders files>
<end updating tenders files>
2022-04-19 03:06:51.013254 -- done update
2022-04-19 04:06:28.061565 -- start update
<start updating researcher files>
-- start updating researcher info
-- end updating researcher info
-- start updating researcher tag map
-- end updating researcher tag map
-- start updating researcher div map
-- start updating researcher div map
-- start updating tag div map
-- start updating tag div map
<end updating researcher files>
---- contains 138 duplicated grants
<start updating tenders files>
<end updating tenders files>
2022-04-19 04:06:52.018974 -- done update
2022-04-19 05:06:28.061417 -- start update
<start updating researcher files>
-- start updating researcher info
-- end updating researcher info
-- start updating researcher tag map
-- end updating researcher tag map
-- start updating researcher div map
-- start updating researcher div map
-- start updating tag div mapUpdating b252086..a589546
Fast-forward
 matcher/tenders/assets/clean_trains_info.csv | 72210 ++-----------------------
 1 file changed, 4930 insertions(+), 67280 deletions(-)
git pulling
run matcher
2022-04-19 16:34:53.144509 -- start update
<start updating researcher files>
-- start updating researcher info
-- end updating researcher info
-- start updating researcher tag map
-- end updating researcher tag map
-- start updating researcher div map
-- start updating researcher div map
-- start updating tag div map
-- start updating tag div map
-- start updating researcher action info
-- end updating researcher action info
<end updating researcher files>
---- contains 138 duplicated grants
<start updating tenders files>
-- fixing missing keyword data ['Grants6256a1d4891484b3ec34784b', 'Grants6256a1d7891484b3ec34784c', 'Grants6256a1d9891484b3ec34784d', 'Grants6256a1dc891484b3ec34784e', 'Grants6256a1de891484b3ec34784f', 'Grants6256a1e2891484b3ec347850', 'Grants6256a1e5891484b3ec347851', 'Grants625adb9d5cc4025d99de5821', 'Grants625ba49f440f0b005e04ed9a']
---- start iteration 0
---- end iteration 0
---- start iteration 1
---- end iteration 1
---- start iteration 2
---- end iteration 2
---- start iteration 3
---- end iteration 3
---- start iteration 4
---- end iteration 4
---- start iteration 5
---- end iteration 5
---- start iteration 6
---- end iteration 6
---- start iteration 7
---- end iteration 7
---- start iteration 8
---- end iteration 8
---- start iteration 9
---- end iteration 9
---- start iteration 10
---- end iteration 10
---- start iteration 11
---- end iteration 11
---- start iteration 12
---- end iteration 12
---- start iteration 13
---- end iteration 13
---- start iteration 14
---- end iteration 14
---- start iteration 15
---- end iteration 15
---- tenders with less than 3 keywords ['Grants6256a1d4891484b3ec34784b', 'Grants6256a1d9891484b3ec34784d', 'Grants6256a1dc891484b3ec34784e', 'Grants6256a1de891484b3ec34784f', 'Grants6256a1e2891484b3ec347850', 'Grants6256a1e5891484b3ec347851', 'Grants625adb9d5cc4025d99de5821']
-- fixing end
-- fixing missing topic data
Already up-to-date.
git pulling
run matcher
Updating a589546..0db35e0
git pulling
run matcher
2022-04-20 10:05:09.887239 -- start update
<start updating researcher files>
-- start updating researcher info
-- end updating researcher info
-- start updating researcher tag map
-- end updating researcher tag map
-- start updating researcher div map
-- start updating researcher div map
-- start updating tag div map
-- start updating tag div map
-- start updating researcher action info
-- end updating researcher action info
<end updating researcher files>
---- contains 140 duplicated grants
<start updating tenders files>
-- 2 new Grants ['Grants625ee38216c48c4f0d7db9b6', 'Grants625f4a964a15ae4e476583eb']
-- start updating tender info
-- end updating tender info
-- start updating tender keyword
---- start iteration 0
---- end iteration 0
---- start iteration 1
---- end iteration 1
---- start iteration 2
---- end iteration 2
---- start iteration 3
---- end iteration 3
---- start iteration 4
---- end iteration 4
---- start iteration 5
---- end iteration 5
---- start iteration 6
---- end iteration 6
---- start iteration 7
---- end iteration 7
---- start iteration 8
---- end iteration 8
---- start iteration 9
---- end iteration 9
---- start iteration 10
---- end iteration 10
---- start iteration 11
---- end iteration 11
---- start iteration 12
---- end iteration 12
---- start iteration 13
---- end iteration 13
---- start iteration 14
---- end iteration 14
---- start iteration 15
---- end iteration 15
---- tenders with less than 3 keywords ['Grants625ee38216c48c4f0d7db9b6', 'Grants625f4a964a15ae4e476583eb']
-- end updating tender keyword
-- start updating tender topic
Updating a589546..0db35e0
git pulling
run matcher
